<?xml version="1.0" encoding="UTF-8"?>
<!-- Generated by org.testng.reporters.JUnitReportReporter -->
<testsuite skipped="0" hostname="DESKTOP-4PCRIC2" name="mavendemo1.MavenDemoTest" tests="1" failures="0" timestamp="13 Aug 2019 13:52:35 GMT" time="3.524" errors="0">
  <testcase name="tc3" time="3.524" classname="mavendemo1.MavenDemoTest"/>
</testsuite> <!-- mavendemo1.MavenDemoTest -->
